<?xml version="1.0" encoding="UTF-8"?>
<testng-results ignored="0" total="1" passed="1" failed="0" skipped="0">
  <reporter-output>
  </reporter-output>
  <suite started-at="2024-02-16T13:45:32 IST" name="Default suite" finished-at="2024-02-16T13:45:58 IST" duration-ms="26255">
    <groups>
    </groups>
    <test started-at="2024-02-16T13:45:32 IST" name="Default test" finished-at="2024-02-16T13:45:58 IST" duration-ms="26255">
      <class name="com.testcases.Tc_login">
        <test-method is-config="true" signature="url_launch()[pri:0, instance:com.testcases.Tc_login@3f6f6701]" started-at="2024-02-16T13:45:32 IST" name="url_launch" finished-at="2024-02-16T13:45:41 IST" duration-ms="9806" status="PASS">
          <reporter-output>
          </reporter-output>
        </test-method> <!-- url_launch -->
        <test-method signature="login()[pri:0, instance:com.testcases.Tc_login@3f6f6701]" started-at="2024-02-16T13:45:42 IST" name="login" finished-at="2024-02-16T13:45:58 IST" duration-ms="16337" status="PASS">
          <reporter-output>
          </reporter-output>
        </test-method> <!-- login -->
      </class> <!-- com.testcases.Tc_login -->
    </test> <!-- Default test -->
  </suite> <!-- Default suite -->
</testng-results>
